
> modvora-labs@0.1.0 start
> next start --port 3001

  ▲ Next.js 14.2.20
  - Local:        http://localhost:3001

 ✓ Starting...
 ✓ Ready in 387ms

> modvora-labs@0.1.0 start
> next start --port 3001

  ▲ Next.js 14.2.20
  - Local:        http://localhost:3001

 ✓ Starting...
 ✓ Ready in 3.6s

> modvora-labs@0.1.0 start
> next start --port 3001

  ▲ Next.js 14.2.20
  - Local:        http://localhost:3001

 ✓ Starting...
 ✓ Ready in 362ms

> modvora-labs@0.1.0 start
> next start --port 3001

  ▲ Next.js 14.2.20
  - Local:        http://localhost:3001

 ✓ Starting...
 ✓ Ready in 373ms

> modvora-labs@0.1.0 start
> next start --port 3001

  ▲ Next.js 14.2.20
  - Local:        http://localhost:3001

 ✓ Starting...
 ✓ Ready in 364ms

> modvora-labs@0.1.0 start
> next start --port 3001

  ▲ Next.js 14.2.20
  - Local:        http://localhost:3001

 ✓ Starting...
 ✓ Ready in 358ms

> modvora-labs@0.1.0 start
> next start --port 3001

  ▲ Next.js 14.2.20
  - Local:        http://localhost:3001

 ✓ Starting...
 ✓ Ready in 365ms

> modvora-labs@0.1.0 start
> next start --port 3001

  ▲ Next.js 14.2.20
  - Local:        http://localhost:3001

 ✓ Starting...
 ✓ Ready in 363ms

> modvora-labs@0.1.0 start
> next start --port 3001

  ▲ Next.js 14.2.20
  - Local:        http://localhost:3001

 ✓ Starting...
 ✓ Ready in 361ms

> modvora-labs@0.1.0 start
> next start --port 3001

  ▲ Next.js 14.2.20
  - Local:        http://localhost:3001

 ✓ Starting...
 ✓ Ready in 369ms

> modvora-labs@0.1.0 start
> next start --port 3001

  ▲ Next.js 14.2.20
  - Local:        http://localhost:3001

 ✓ Starting...
 ✓ Ready in 375ms

> modvora-labs@0.1.0 start
> next start --port 3001

  ▲ Next.js 14.2.20
  - Local:        http://localhost:3001

 ✓ Starting...
 ✓ Ready in 373ms

> modvora-labs@0.1.0 start
> next start --port 3001

  ▲ Next.js 14.2.20
  - Local:        http://localhost:3001

 ✓ Starting...
 ✓ Ready in 370ms

> modvora-labs@0.1.0 start
> next start --port 3001

  ▲ Next.js 14.2.20
  - Local:        http://localhost:3001

 ✓ Starting...
 ✓ Ready in 372ms

> modvora-labs@0.1.0 start
> next start --port 3001

  ▲ Next.js 14.2.20
  - Local:        http://localhost:3001

 ✓ Starting...
 ✓ Ready in 373ms

> modvora-labs@0.1.0 start
> next start --port 3001

  ▲ Next.js 14.2.20
  - Local:        http://localhost:3001

 ✓ Starting...
 ✓ Ready in 356ms

> modvora-labs@0.1.0 start
> next start --port 3001

  ▲ Next.js 14.2.20
  - Local:        http://localhost:3001

 ✓ Starting...
 ✓ Ready in 521ms

> modvora-labs@0.1.0 start
> next start --port 3001

  ▲ Next.js 14.2.20
  - Local:        http://localhost:3001

 ✓ Starting...
 ✓ Ready in 369ms

> modvora-labs@0.1.0 start
> next start --port 3001

  ▲ Next.js 14.2.20
  - Local:        http://localhost:3001

 ✓ Starting...
 ✓ Ready in 369ms

> modvora-labs@0.1.0 start
> next start --port 3001

  ▲ Next.js 14.2.20
  - Local:        http://localhost:3001

 ✓ Starting...
 ✓ Ready in 372ms

> modvora-labs@0.1.0 start
> next start --port 3001

  ▲ Next.js 14.2.20
  - Local:        http://localhost:3001

 ✓ Starting...
 ✓ Ready in 374ms

> modvora-labs@0.1.0 start
> next start --port 3001

  ▲ Next.js 14.2.20
  - Local:        http://localhost:3001

 ✓ Starting...
 ✓ Ready in 375ms

> modvora-labs@0.1.0 start
> next start --port 3001

  ▲ Next.js 14.2.20
  - Local:        http://localhost:3001

 ✓ Starting...
 ✓ Ready in 378ms

> modvora-labs@0.1.0 start
> next start --port 3001

  ▲ Next.js 14.2.20
  - Local:        http://localhost:3001

 ✓ Starting...
 ✓ Ready in 365ms

> modvora-labs@0.1.0 start
> next start --port 3001

  ▲ Next.js 14.2.20
  - Local:        http://localhost:3001

 ✓ Starting...
 ✓ Ready in 372ms

> modvora-labs@0.1.0 start
> next start --port 3001

  ▲ Next.js 14.2.20
  - Local:        http://localhost:3001

 ✓ Starting...
 ✓ Ready in 594ms
